{
  "RSpec": {
    "coverage": {
      "/Users/taylorvaroglu/Desktop/DesktopFiles/mod1/independent-challenges/mid_mod_diagnostics_prework/lib/person.rb": {
        "lines": [
          1,
          1,
          null,
          1,
          14,
          14,
          14,
          null,
          null,
          1,
          5,
          3,
          null,
          2,
          null,
          null,
          null,
          1,
          1,
          null,
          null,
          null
        ]
      },
      "/Users/taylorvaroglu/Desktop/DesktopFiles/mod1/independent-challenges/mid_mod_diagnostics_prework/lib/ride.rb": {
        "lines": [
          1,
          1,
          null,
          1,
          6,
          6,
          6,
          6,
          null,
          null,
          1,
          14,
          null,
          null,
          1,
          4,
          1,
          null,
          null,
          1,
          4,
          null,
          null,
          null
        ]
      },
      "/Users/taylorvaroglu/Desktop/DesktopFiles/mod1/independent-challenges/mid_mod_diagnostics_prework/lib/park.rb": {
        "lines": [
          1,
          1,
          null,
          1,
          4,
          4,
          4,
          4,
          4,
          4,
          null,
          null,
          1,
          1,
          null,
          null,
          1,
          4,
          null,
          null,
          1,
          6,
          null,
          null,
          1,
          1,
          1,
          2,
          4,
          null,
          2,
          2,
          null,
          null,
          1,
          2,
          null,
          null,
          null,
          null
        ]
      },
      "/Users/taylorvaroglu/Desktop/DesktopFiles/mod1/independent-challenges/mid_mod_diagnostics_prework/spec/person_spec.rb": {
        "lines": [
          1,
          1,
          null,
          1,
          1,
          1,
          null,
          null,
          null,
          null,
          null,
          null,
          1,
          1,
          1,
          1,
          null,
          null,
          1,
          1,
          null,
          null,
          null,
          null,
          null,
          null,
          1,
          null,
          null,
          null,
          null,
          null,
          null,
          1,
          1,
          null,
          null,
          1,
          1,
          null,
          null,
          null,
          null,
          null,
          null,
          1,
          1,
          null,
          null,
          null
        ]
      },
      "/Users/taylorvaroglu/Desktop/DesktopFiles/mod1/independent-challenges/mid_mod_diagnostics_prework/spec/ride_spec.rb": {
        "lines": [
          1,
          1,
          1,
          null,
          1,
          1,
          1,
          null,
          1,
          1,
          1,
          1,
          null,
          1,
          1,
          null,
          null,
          1,
          1,
          null,
          null,
          1,
          null,
          null,
          null,
          null,
          null,
          null,
          null,
          null,
          null,
          null,
          null,
          null,
          null,
          null,
          null,
          null,
          null,
          null,
          null,
          null,
          null,
          null,
          5,
          null,
          1,
          1,
          null,
          null,
          null
        ]
      }
    },
    "timestamp": 1622223050
  }
}
